../src/ursaNative.cc:543:32: error: too few arguments to function call, single argument 'isolate' was not specified
  int length = str->Utf8Length();
               ~~~~~~~~~~~~~~~ ^
/Users/nadongjun/Library/Caches/node-gyp/13.8.0/include/node/v8.h:2887:3: note: 'Utf8Length' declared here
  int Utf8Length(Isolate* isolate) const;
  ^
../src/ursaNative.cc:553:18: error: cannot initialize a parameter of type 'v8::Isolate *' with an lvalue of type 'char *'
  str->WriteUtf8(result, length + 1);
                 ^~~~~~
/Users/nadongjun/Library/Caches/node-gyp/13.8.0/include/node/v8.h:2947:26: note: passing argument to parameter 'isolate' here
  int WriteUtf8(Isolate* isolate, char* buffer, int length = -1,
                         ^
../src/ursaNative.cc:690:68: error: too few arguments to function call, single argument 'context' was not specified
  target->Set(NanNew("RsaWrap").ToLocalChecked(), tpl->GetFunction());
                                                  ~~~~~~~~~~~~~~~~ ^
/Users/nadongjun/Library/Caches/node-gyp/13.8.0/include/node/v8.h:6283:3: note: 'GetFunction' declared here
  V8_WARN_UNUSED_RESULT MaybeLocal<Function> GetFunction(
  ^
/Users/nadongjun/Library/Caches/node-gyp/13.8.0/include/node/v8config.h:419:31: note: expanded from macro 'V8_WARN_UNUSED_RESULT'
#define V8_WARN_UNUSED_RESULT __attribute__((warn_unused_result))
                              ^
../src/ursaNative.cc:691:38: error: too few arguments to function call, single argument 'context' was not specified
  constructor.Reset(tpl->GetFunction());
                    ~~~~~~~~~~~~~~~~ ^
/Users/nadongjun/Library/Caches/node-gyp/13.8.0/include/node/v8.h:6283:3: note: 'GetFunction' declared here
  V8_WARN_UNUSED_RESULT MaybeLocal<Function> GetFunction(
  ^
/Users/nadongjun/Library/Caches/node-gyp/13.8.0/include/node/v8config.h:419:31: note: expanded from macro 'V8_WARN_UNUSED_RESULT'
#define V8_WARN_UNUSED_RESULT __attribute__((warn_unused_result))
                              ^
../src/ursaNative.cc:693:104: error: too few arguments to function call, single argument 'context' was not specified
  target->Set(NanNew("textToNid").ToLocalChecked(), Nan::New<FunctionTemplate>(TextToNid)->GetFunction());
                                                    ~~~~~~~~~~~~~~~~~~~~~~~~~~~~~~~~~~~~~~~~~~~~~~~~~~ ^
/Users/nadongjun/Library/Caches/node-gyp/13.8.0/include/node/v8.h:6283:3: note: 'GetFunction' declared here
  V8_WARN_UNUSED_RESULT MaybeLocal<Function> GetFunction(
  ^
/Users/nadongjun/Library/Caches/node-gyp/13.8.0/include/node/v8config.h:419:31: note: expanded from macro 'V8_WARN_UNUSED_RESULT'
#define V8_WARN_UNUSED_RESULT __attribute__((warn_unused_result))
                              ^
../src/ursaNative.cc:866:42: error: too few arguments to function call, single argument 'context' was not specified
  int modulusBits = args[0]->Uint32Value();
                    ~~~~~~~~~~~~~~~~~~~~ ^
/Users/nadongjun/Library/Caches/node-gyp/13.8.0/include/node/v8.h:2776:3: note: 'Uint32Value' declared here
  V8_WARN_UNUSED_RESULT Maybe<uint32_t> Uint32Value(
  ^
/Users/nadongjun/Library/Caches/node-gyp/13.8.0/include/node/v8config.h:419:31: note: expanded from macro 'V8_WARN_UNUSED_RESULT'
#define V8_WARN_UNUSED_RESULT __attribute__((warn_unused_result))
                              ^
../src/ursaNative.cc:867:39: error: too few arguments to function call, single argument 'context' was not specified
  int exponent = args[1]->Uint32Value();
                 ~~~~~~~~~~~~~~~~~~~~ ^
/Users/nadongjun/Library/Caches/node-gyp/13.8.0/include/node/v8.h:2776:3: note: 'Uint32Value' declared here
  V8_WARN_UNUSED_RESULT Maybe<uint32_t> Uint32Value(
  ^
/Users/nadongjun/Library/Caches/node-gyp/13.8.0/include/node/v8config.h:419:31: note: expanded from macro 'V8_WARN_UNUSED_RESULT'
#define V8_WARN_UNUSED_RESULT __attribute__((warn_unused_result))
                              ^
../src/ursaNative.cc:1103:38: error: too few arguments to function call, single argument 'context' was not specified
  int padding = args[1]->Uint32Value();
                ~~~~~~~~~~~~~~~~~~~~ ^
/Users/nadongjun/Library/Caches/node-gyp/13.8.0/include/node/v8.h:2776:3: note: 'Uint32Value' declared here
  V8_WARN_UNUSED_RESULT Maybe<uint32_t> Uint32Value(
  ^
/Users/nadongjun/Library/Caches/node-gyp/13.8.0/include/node/v8config.h:419:31: note: expanded from macro 'V8_WARN_UNUSED_RESULT'
#define V8_WARN_UNUSED_RESULT __attribute__((warn_unused_result))
                              ^
../src/ursaNative.cc:1161:38: error: too few arguments to function call, single argument 'context' was not specified
  int padding = args[1]->Uint32Value();
                ~~~~~~~~~~~~~~~~~~~~ ^
/Users/nadongjun/Library/Caches/node-gyp/13.8.0/include/node/v8.h:2776:3: note: 'Uint32Value' declared here
  V8_WARN_UNUSED_RESULT Maybe<uint32_t> Uint32Value(
  ^
/Users/nadongjun/Library/Caches/node-gyp/13.8.0/include/node/v8config.h:419:31: note: expanded from macro 'V8_WARN_UNUSED_RESULT'
#define V8_WARN_UNUSED_RESULT __attribute__((warn_unused_result))
                              ^
../src/ursaNative.cc:1218:38: error: too few arguments to function call, single argument 'context' was not specified
  int padding = args[1]->Uint32Value();
                ~~~~~~~~~~~~~~~~~~~~ ^
/Users/nadongjun/Library/Caches/node-gyp/13.8.0/include/node/v8.h:2776:3: note: 'Uint32Value' declared here
  V8_WARN_UNUSED_RESULT Maybe<uint32_t> Uint32Value(
  ^
/Users/nadongjun/Library/Caches/node-gyp/13.8.0/include/node/v8config.h:419:31: note: expanded from macro 'V8_WARN_UNUSED_RESULT'
#define V8_WARN_UNUSED_RESULT __attribute__((warn_unused_result))
                              ^
../src/ursaNative.cc:1272:38: error: too few arguments to function call, single argument 'context' was not specified
  int padding = args[1]->Uint32Value();
                ~~~~~~~~~~~~~~~~~~~~ ^
/Users/nadongjun/Library/Caches/node-gyp/13.8.0/include/node/v8.h:2776:3: note: 'Uint32Value' declared here
  V8_WARN_UNUSED_RESULT Maybe<uint32_t> Uint32Value(
  ^
/Users/nadongjun/Library/Caches/node-gyp/13.8.0/include/node/v8config.h:419:31: note: expanded from macro 'V8_WARN_UNUSED_RESULT'
#define V8_WARN_UNUSED_RESULT __attribute__((warn_unused_result))
                              ^
../src/ursaNative.cc:1411:34: error: too few arguments to function call, single argument 'context' was not specified
  int nid = args[0]->Uint32Value();
            ~~~~~~~~~~~~~~~~~~~~ ^
/Users/nadongjun/Library/Caches/node-gyp/13.8.0/include/node/v8.h:2776:3: note: 'Uint32Value' declared here
  V8_WARN_UNUSED_RESULT Maybe<uint32_t> Uint32Value(
  ^
/Users/nadongjun/Library/Caches/node-gyp/13.8.0/include/node/v8config.h:419:31: note: expanded from macro 'V8_WARN_UNUSED_RESULT'
#define V8_WARN_UNUSED_RESULT __attribute__((warn_unused_result))
                              ^
../src/ursaNative.cc:1477:34: error: too few arguments to function call, single argument 'context' was not specified
  int nid = args[0]->Uint32Value();
            ~~~~~~~~~~~~~~~~~~~~ ^
/Users/nadongjun/Library/Caches/node-gyp/13.8.0/include/node/v8.h:2776:3: note: 'Uint32Value' declared here
  V8_WARN_UNUSED_RESULT Maybe<uint32_t> Uint32Value(
  ^
/Users/nadongjun/Library/Caches/node-gyp/13.8.0/include/node/v8config.h:419:31: note: expanded from macro 'V8_WARN_UNUSED_RESULT'
#define V8_WARN_UNUSED_RESULT __attribute__((warn_unused_result))
                              ^
../src/ursaNative.cc:1554:34: error: too few arguments to function call, single argument 'context' was not specified
  int nid = args[0]->Uint32Value();
            ~~~~~~~~~~~~~~~~~~~~ ^
/Users/nadongjun/Library/Caches/node-gyp/13.8.0/include/node/v8.h:2776:3: note: 'Uint32Value' declared here
  V8_WARN_UNUSED_RESULT Maybe<uint32_t> Uint32Value(
  ^
/Users/nadongjun/Library/Caches/node-gyp/13.8.0/include/node/v8config.h:419:31: note: expanded from macro 'V8_WARN_UNUSED_RESULT'
#define V8_WARN_UNUSED_RESULT __attribute__((warn_unused_result))
                              ^
../src/ursaNative.cc:1584:35: error: too few arguments to function call, single argument 'context' was not specified
  int sLen = args[2]->Uint32Value();
             ~~~~~~~~~~~~~~~~~~~~ ^
/Users/nadongjun/Library/Caches/node-gyp/13.8.0/include/node/v8.h:2776:3: note: 'Uint32Value' declared here
  V8_WARN_UNUSED_RESULT Maybe<uint32_t> Uint32Value(
  ^
/Users/nadongjun/Library/Caches/node-gyp/13.8.0/include/node/v8config.h:419:31: note: expanded from macro 'V8_WARN_UNUSED_RESULT'
#define V8_WARN_UNUSED_RESULT __attribute__((warn_unused_result))
                              ^
../src/ursaNative.cc:1627:34: error: too few arguments to function call, single argument 'context' was not specified
  int nid = args[0]->Uint32Value();
            ~~~~~~~~~~~~~~~~~~~~ ^
/Users/nadongjun/Library/Caches/node-gyp/13.8.0/include/node/v8.h:2776:3: note: 'Uint32Value' declared here
  V8_WARN_UNUSED_RESULT Maybe<uint32_t> Uint32Value(
  ^
/Users/nadongjun/Library/Caches/node-gyp/13.8.0/include/node/v8config.h:419:31: note: expanded from macro 'V8_WARN_UNUSED_RESULT'
#define V8_WARN_UNUSED_RESULT __attribute__((warn_unused_result))
                              ^
../src/ursaNative.cc:1674:35: error: too few arguments to function call, single argument 'context' was not specified
  int sLen = args[3]->Uint32Value();
             ~~~~~~~~~~~~~~~~~~~~ ^
/Users/nadongjun/Library/Caches/node-gyp/13.8.0/include/node/v8.h:2776:3: note: 'Uint32Value' declared here
  V8_WARN_UNUSED_RESULT Maybe<uint32_t> Uint32Value(
  ^
/Users/nadongjun/Library/Caches/node-gyp/13.8.0/include/node/v8config.h:419:31: note: expanded from macro 'V8_WARN_UNUSED_RESULT'
#define V8_WARN_UNUSED_RESULT __attribute__((warn_unused_result))
                              ^
17 errors generated.
make: *** [Release/obj.target/ursaNative/src/ursaNative.o] Error 1
gyp ERR! build error 
gyp ERR! stack Error: `make` failed with exit code: 2
gyp ERR! stack     at ChildProcess.onExit (/usr/local/lib/node_modules/npm/node_modules/node-gyp/lib/build.js:194:23)
gyp ERR! stack     at ChildProcess.emit (events.js:321:20)
gyp ERR! stack     at Process.ChildProcess._handle.onexit (internal/child_process.js:275:12)
gyp ERR! System Darwin 18.7.0
gyp ERR! command "/usr/local/Cellar/node/13.8.0/bin/node" "/usr/local/lib/node_modules/npm/node_modules/node-gyp/bin/node-gyp.js" "rebuild"
gyp ERR! cwd /Users/nadongjun/Desktop/Blockchain_dev/node_modules/ursa-optional
gyp ERR! node -v v13.8.0
gyp ERR! node-gyp -v v5.0.7
gyp ERR! not ok 
npm ERR! code ELIFECYCLE
npm ERR! errno 1
npm ERR! ursa-optional@0.9.10 rebuild: `node-gyp rebuild`
npm ERR! Exit status 1
npm ERR! 
npm ERR! Failed at the ursa-optional@0.9.10 rebuild script.
npm ERR! This is probably not a problem with npm. There is likely additional logging output above.
npm WARN Local package.json exists, but node_modules missing, did you mean to install?

npm ERR! A complete log of this run can be found in:
npm ERR!     /Users/nadongjun/.npm/_logs/2020-02-28T08_08_31_306Z-debug.log
